[debug] [2023-04-24T18:54:59.803Z] ----------------------------------------------------------------------
[debug] [2023-04-24T18:54:59.807Z] Command:       C:\Program Files\nodejs\node.exe C:\Users\Admin\AppData\Roaming\npm\node_modules\firebase-tools\lib\bin\firebase.js init
[debug] [2023-04-24T18:54:59.808Z] CLI Version:   11.28.0
[debug] [2023-04-24T18:54:59.808Z] Platform:      win32
[debug] [2023-04-24T18:54:59.809Z] Node Version:  v16.15.1
[debug] [2023-04-24T18:54:59.810Z] Time:          Mon Apr 24 2023 23:54:59 GMT+0500 (Pakistan Standard Time)
[debug] [2023-04-24T18:54:59.811Z] ----------------------------------------------------------------------
[debug] 
[debug] [2023-04-24T18:54:59.824Z] > command requires scopes: ["email","openid","https://www.googleapis.com/auth/cloudplatformprojects.readonly","https://www.googleapis.com/auth/firebase","https://www.googleapis.com/auth/cloud-platform"]
[debug] [2023-04-24T18:54:59.825Z] > authorizing via signed-in user (khuzaimanawab1@gmail.com)
[info] 
     ######## #### ########  ######## ########     ###     ######  ########
     ##        ##  ##     ## ##       ##     ##  ##   ##  ##       ##
     ######    ##  ########  ######   ########  #########  ######  ######
     ##        ##  ##    ##  ##       ##     ## ##     ##       ## ##
     ##       #### ##     ## ######## ########  ##     ##  ######  ########

You're about to initialize a Firebase project in this directory:

  D:\Khuzaima\lzm_node_server

[info] 
=== Project Setup
[info] 
[info] First, let's associate this project directory with a Firebase project.
[info] You can create multiple project aliases by running firebase use --add, 
[info] but for now we'll just set up a default project.
[info] 
[debug] [2023-04-24T18:55:06.344Z] > refreshing access token with scopes: []
[debug] [2023-04-24T18:55:06.349Z] >>> [apiv2][query] POST https://www.googleapis.com/oauth2/v3/token [none]
[debug] [2023-04-24T18:55:06.350Z] >>> [apiv2][body] POST https://www.googleapis.com/oauth2/v3/token [omitted]
[debug] [2023-04-24T18:55:06.796Z] <<< [apiv2][status] POST https://www.googleapis.com/oauth2/v3/token 200
[debug] [2023-04-24T18:55:06.796Z] <<< [apiv2][body] POST https://www.googleapis.com/oauth2/v3/token [omitted]
[debug] [2023-04-24T18:55:06.809Z] >>> [apiv2][query] GET https://firebase.googleapis.com/v1beta1/projects pageSize=100
[debug] [2023-04-24T18:55:09.031Z] <<< [apiv2][status] GET https://firebase.googleapis.com/v1beta1/projects 200
[debug] [2023-04-24T18:55:09.031Z] <<< [apiv2][body] GET https://firebase.googleapis.com/v1beta1/projects [omitted]
[info] i  Using project lzm-compression (lzm-compression) 
[info] 
=== Hosting Setup
[info] 
[info] Your public directory is the folder (relative to your project directory) that
[info] will contain Hosting assets to be uploaded with firebase deploy. If you
[info] have a build process for your assets, use your build's output directory.
[info] 
